0 info it worked if it ends with ok
1 verbose cli [ '/Users/frontainer/.nodebrew/node/v6.9.1/bin/node',
1 verbose cli   '/Users/frontainer/.nodebrew/current/bin/npm',
1 verbose cli   'start' ]
2 info using npm@3.10.10
3 info using node@v6.9.1
4 verbose stack Error: missing script: start
4 verbose stack     at run (/Users/frontainer/.nodebrew/node/v6.9.1/lib/node_modules/npm/lib/run-script.js:151:19)
4 verbose stack     at /Users/frontainer/.nodebrew/node/v6.9.1/lib/node_modules/npm/lib/run-script.js:61:5
4 verbose stack     at /Users/frontainer/.nodebrew/node/v6.9.1/lib/node_modules/npm/node_modules/read-package-json/read-json.js:356:5
4 verbose stack     at handleExists (/Users/frontainer/.nodebrew/node/v6.9.1/lib/node_modules/npm/node_modules/read-package-json/read-json.js:329:20)
4 verbose stack     at FSReqWrap.cb [as oncomplete] (fs.js:257:19)
5 verbose cwd /Users/frontainer/Documents/project/frontplate-cli
6 error Darwin 16.3.0
7 error argv "/Users/frontainer/.nodebrew/node/v6.9.1/bin/node" "/Users/frontainer/.nodebrew/current/bin/npm" "start"
8 error node v6.9.1
9 error npm  v3.10.10
10 error missing script: start
11 error If you need help, you may report this error at:
11 error     <https://github.com/npm/npm/issues>
12 verbose exit [ 1, true ]
